The following modules were not unloaded:
  (Use "module --force purge" to unload all):

  1) CCconfig        6)  ucx/1.14.1         11) flexiblas/3.3.1
  2) gentoo/2023     7)  libfabric/1.18.0   12) imkl/2023.2.0
  3) gcccore/.12.3   8)  pmix/4.2.4         13) StdEnv/2023
  4) gcc/12.3        9)  ucc/1.2.0
  5) hwloc/2.9.1     10) openmpi/4.1.5
Running iteration 1
Traceback (most recent call last):
  File "/project/6002403/timi001/embedding_detection/openai_embedding_content_anomaly_detection/tensorflow/lib/python3.10/site-packages/pandas/compat/_optional.py", line 132, in import_optional_dependency
    module = importlib.import_module(name)
  File "/cvmfs/soft.computecanada.ca/easybuild/software/2020/avx2/Core/python/3.10.2/lib/python3.10/importlib/__init__.py", line 126, in import_module
    return _bootstrap._gcd_import(name[level:], package, level)
  File "<frozen importlib._bootstrap>", line 1050, in _gcd_import
  File "<frozen importlib._bootstrap>", line 1027, in _find_and_load
  File "<frozen importlib._bootstrap>", line 1004, in _find_and_load_unlocked
ModuleNotFoundError: No module named 'tables'

During handling of the above exception, another exception occurred:

Traceback (most recent call last):
  File "/project/6002403/timi001/embedding_detection/openai_embedding_content_anomaly_detection/content_classifier_iot23.py", line 34, in <module>
    h5 = pd.HDFStore(h5_file)
  File "/project/6002403/timi001/embedding_detection/openai_embedding_content_anomaly_detection/tensorflow/lib/python3.10/site-packages/pandas/io/pytables.py", line 566, in __init__
    tables = import_optional_dependency("tables")
  File "/project/6002403/timi001/embedding_detection/openai_embedding_content_anomaly_detection/tensorflow/lib/python3.10/site-packages/pandas/compat/_optional.py", line 135, in import_optional_dependency
    raise ImportError(msg)
ImportError: Missing optional dependency 'pytables'.  Use pip or conda to install pytables.
Running iteration 2
Traceback (most recent call last):
  File "/project/6002403/timi001/embedding_detection/openai_embedding_content_anomaly_detection/tensorflow/lib/python3.10/site-packages/pandas/compat/_optional.py", line 132, in import_optional_dependency
    module = importlib.import_module(name)
  File "/cvmfs/soft.computecanada.ca/easybuild/software/2020/avx2/Core/python/3.10.2/lib/python3.10/importlib/__init__.py", line 126, in import_module
    return _bootstrap._gcd_import(name[level:], package, level)
  File "<frozen importlib._bootstrap>", line 1050, in _gcd_import
  File "<frozen importlib._bootstrap>", line 1027, in _find_and_load
  File "<frozen importlib._bootstrap>", line 1004, in _find_and_load_unlocked
ModuleNotFoundError: No module named 'tables'

During handling of the above exception, another exception occurred:

Traceback (most recent call last):
  File "/project/6002403/timi001/embedding_detection/openai_embedding_content_anomaly_detection/content_classifier_iot23.py", line 34, in <module>
    h5 = pd.HDFStore(h5_file)
  File "/project/6002403/timi001/embedding_detection/openai_embedding_content_anomaly_detection/tensorflow/lib/python3.10/site-packages/pandas/io/pytables.py", line 566, in __init__
    tables = import_optional_dependency("tables")
  File "/project/6002403/timi001/embedding_detection/openai_embedding_content_anomaly_detection/tensorflow/lib/python3.10/site-packages/pandas/compat/_optional.py", line 135, in import_optional_dependency
    raise ImportError(msg)
ImportError: Missing optional dependency 'pytables'.  Use pip or conda to install pytables.
Running iteration 3
Traceback (most recent call last):
  File "/project/6002403/timi001/embedding_detection/openai_embedding_content_anomaly_detection/tensorflow/lib/python3.10/site-packages/pandas/compat/_optional.py", line 132, in import_optional_dependency
    module = importlib.import_module(name)
  File "/cvmfs/soft.computecanada.ca/easybuild/software/2020/avx2/Core/python/3.10.2/lib/python3.10/importlib/__init__.py", line 126, in import_module
    return _bootstrap._gcd_import(name[level:], package, level)
  File "<frozen importlib._bootstrap>", line 1050, in _gcd_import
  File "<frozen importlib._bootstrap>", line 1027, in _find_and_load
  File "<frozen importlib._bootstrap>", line 1004, in _find_and_load_unlocked
ModuleNotFoundError: No module named 'tables'

During handling of the above exception, another exception occurred:

Traceback (most recent call last):
  File "/project/6002403/timi001/embedding_detection/openai_embedding_content_anomaly_detection/content_classifier_iot23.py", line 34, in <module>
    h5 = pd.HDFStore(h5_file)
  File "/project/6002403/timi001/embedding_detection/openai_embedding_content_anomaly_detection/tensorflow/lib/python3.10/site-packages/pandas/io/pytables.py", line 566, in __init__
    tables = import_optional_dependency("tables")
  File "/project/6002403/timi001/embedding_detection/openai_embedding_content_anomaly_detection/tensorflow/lib/python3.10/site-packages/pandas/compat/_optional.py", line 135, in import_optional_dependency
    raise ImportError(msg)
ImportError: Missing optional dependency 'pytables'.  Use pip or conda to install pytables.
